2022-06-11 14:22:48.123 -DEBUG  [kground-preinit] o.j.l.LoggerProviders          : Logging Provider: org.jboss.logging.Log4j2LoggerProvider
2022-06-11 14:22:48.123 - INFO  [kground-preinit] o.h.v.i.u.Version              : HV000001: Hibernate Validator 6.2.3.Final
2022-06-11 14:22:48.139 -DEBUG  [kground-preinit] .h.v.i.x.c.ValidationXmlParser : Trying to load META-INF/validation.xml for XML based Validator configuration.
2022-06-11 14:22:48.139 -DEBUG  [kground-preinit] h.v.i.x.c.ResourceLoaderHelper : Trying to load META-INF/validation.xml via TCCL
2022-06-11 14:22:48.139 -DEBUG  [kground-preinit] h.v.i.x.c.ResourceLoaderHelper : Trying to load META-INF/validation.xml via Hibernate Validator's class loader
2022-06-11 14:22:48.139 -DEBUG  [kground-preinit] .h.v.i.x.c.ValidationXmlParser : No META-INF/validation.xml found. Using annotation based configuration only.
2022-06-11 14:22:48.139 -DEBUG  [kground-preinit] h.v.i.e.r.TraversableResolvers : Cannot find javax.persistence.Persistence on classpath. Assuming non JPA 2 environment. All properties will per default be traversable.
2022-06-11 14:22:48.155 - INFO  [  restartedMain] o.s.b.StartupInfoLogger        : Starting LemonAdminApplication using Java 1.8.0_40 on LAPTOP-KBRJVRM9 with PID 21704 (D:\download\blue-lemon\lemon-admin\target\classes started by lbk24 in D:\download\blue-lemon)
2022-06-11 14:22:48.155 -DEBUG  [  restartedMain] o.s.b.StartupInfoLogger        : Running with Spring Boot v2.7.0, Spring v5.3.20
2022-06-11 14:22:48.155 - INFO  [  restartedMain] o.s.b.SpringApplication        : No active profile set, falling back to 1 default profile: "default"
2022-06-11 14:22:48.170 -DEBUG  [kground-preinit] ourceBundleMessageInterpolator : Loaded expression factory via original TCCL
2022-06-11 14:22:48.233 -DEBUG  [kground-preinit] atorFactoryConfigurationHelper : HV000252: Using org.hibernate.validator.internal.engine.DefaultPropertyNodeNameProvider as property node name provider.
2022-06-11 14:22:48.233 -DEBUG  [kground-preinit] atorFactoryConfigurationHelper : HV000234: Using org.hibernate.validator.messageinterpolation.ResourceBundleMessageInterpolator as ValidatorFactory-scoped message interpolator.
2022-06-11 14:22:48.249 -DEBUG  [kground-preinit] atorFactoryConfigurationHelper : HV000234: Using org.hibernate.validator.internal.engine.resolver.TraverseAllTraversableResolver as ValidatorFactory-scoped traversable resolver.
2022-06-11 14:22:48.249 -DEBUG  [kground-preinit] atorFactoryConfigurationHelper : HV000234: Using org.hibernate.validator.internal.util.ExecutableParameterNameProvider as ValidatorFactory-scoped parameter name provider.
2022-06-11 14:22:48.249 -DEBUG  [kground-preinit] atorFactoryConfigurationHelper : HV000234: Using org.hibernate.validator.internal.engine.DefaultClockProvider as ValidatorFactory-scoped clock provider.
2022-06-11 14:22:48.249 -DEBUG  [kground-preinit] atorFactoryConfigurationHelper : HV000234: Using org.hibernate.validator.internal.engine.scripting.DefaultScriptEvaluatorFactory as ValidatorFactory-scoped script evaluator factory.
2022-06-11 14:22:48.702 - INFO  [  restartedMain] o.a.j.l.DirectJDKLog           : Initializing ProtocolHandler ["http-nio-19000"]
2022-06-11 14:22:48.702 - INFO  [  restartedMain] o.a.j.l.DirectJDKLog           : Starting service [Tomcat]
2022-06-11 14:22:48.702 - INFO  [  restartedMain] o.a.j.l.DirectJDKLog           : Starting Servlet engine: [Apache Tomcat/9.0.63]
2022-06-11 14:22:48.749 - INFO  [  restartedMain] o.a.j.l.DirectJDKLog           : Initializing Spring embedded WebApplicationContext
2022-06-11 14:22:48.785 -DEBUG  [  restartedMain] ourceBundleMessageInterpolator : Loaded expression factory via original TCCL
2022-06-11 14:22:48.792 -DEBUG  [  restartedMain] .i.e.AbstractConfigurationImpl : Setting custom MessageInterpolator of type org.springframework.validation.beanvalidation.LocaleContextMessageInterpolator
2022-06-11 14:22:48.792 -DEBUG  [  restartedMain] .i.e.AbstractConfigurationImpl : Setting custom ConstraintValidatorFactory of type org.springframework.validation.beanvalidation.SpringConstraintValidatorFactory
2022-06-11 14:22:48.792 -DEBUG  [  restartedMain] .i.e.AbstractConfigurationImpl : Setting custom ParameterNameProvider of type org.springframework.validation.beanvalidation.LocalValidatorFactoryBean$1
2022-06-11 14:22:48.792 -DEBUG  [  restartedMain] .h.v.i.x.c.ValidationXmlParser : Trying to load META-INF/validation.xml for XML based Validator configuration.
2022-06-11 14:22:48.792 -DEBUG  [  restartedMain] h.v.i.x.c.ResourceLoaderHelper : Trying to load META-INF/validation.xml via user class loader
2022-06-11 14:22:48.792 -DEBUG  [  restartedMain] h.v.i.x.c.ResourceLoaderHelper : Trying to load META-INF/validation.xml via TCCL
2022-06-11 14:22:48.792 -DEBUG  [  restartedMain] h.v.i.x.c.ResourceLoaderHelper : Trying to load META-INF/validation.xml via Hibernate Validator's class loader
2022-06-11 14:22:48.792 -DEBUG  [  restartedMain] .h.v.i.x.c.ValidationXmlParser : No META-INF/validation.xml found. Using annotation based configuration only.
2022-06-11 14:22:48.792 -DEBUG  [  restartedMain] h.v.i.e.r.TraversableResolvers : Cannot find javax.persistence.Persistence on classpath. Assuming non JPA 2 environment. All properties will per default be traversable.
2022-06-11 14:22:48.796 -DEBUG  [  restartedMain] atorFactoryConfigurationHelper : HV000252: Using org.hibernate.validator.internal.engine.DefaultPropertyNodeNameProvider as property node name provider.
2022-06-11 14:22:48.796 -DEBUG  [  restartedMain] atorFactoryConfigurationHelper : HV000234: Using org.springframework.validation.beanvalidation.LocaleContextMessageInterpolator as ValidatorFactory-scoped message interpolator.
2022-06-11 14:22:48.796 -DEBUG  [  restartedMain] atorFactoryConfigurationHelper : HV000234: Using org.hibernate.validator.internal.engine.resolver.TraverseAllTraversableResolver as ValidatorFactory-scoped traversable resolver.
2022-06-11 14:22:48.796 -DEBUG  [  restartedMain] atorFactoryConfigurationHelper : HV000234: Using org.hibernate.validator.internal.util.ExecutableParameterNameProvider as ValidatorFactory-scoped parameter name provider.
2022-06-11 14:22:48.796 -DEBUG  [  restartedMain] atorFactoryConfigurationHelper : HV000234: Using org.hibernate.validator.internal.engine.DefaultClockProvider as ValidatorFactory-scoped clock provider.
2022-06-11 14:22:48.796 -DEBUG  [  restartedMain] atorFactoryConfigurationHelper : HV000234: Using org.hibernate.validator.internal.engine.scripting.DefaultScriptEvaluatorFactory as ValidatorFactory-scoped script evaluator factory.
2022-06-11 14:22:48.986 -DEBUG  [  restartedMain] h.AbstractHandlerMethodMapping : 
	o.s.b.a.w.s.e.BasicErrorController:
	{ [/error]}: error(HttpServletRequest)
	{ [/error], produces [text/html]}: errorHtml(HttpServletRequest,HttpServletResponse)
2022-06-11 14:22:48.986 -DEBUG  [  restartedMain] ractDetectingUrlHandlerMapping : 'beanNameHandlerMapping' {}
2022-06-11 14:22:49.000 -DEBUG  [  restartedMain] .w.s.h.SimpleUrlHandlerMapping : 'resourceHandlerMapping' {/webjars/**=ResourceHttpRequestHandler [classpath [META-INF/resources/webjars/]], /**=ResourceHttpRequestHandler [classpath [META-INF/resources/], classpath [resources/], classpath [static/], classpath [public/], ServletContext [/]]}
2022-06-11 14:22:49.048 - INFO  [  restartedMain] o.a.j.l.DirectJDKLog           : Starting ProtocolHandler ["http-nio-19000"]
2022-06-11 14:22:49.079 - INFO  [  restartedMain] o.s.b.StartupInfoLogger        : Started LemonAdminApplication in 1.241 seconds (JVM running for 1.874)
2022-06-11 14:34:45.195 -DEBUG  [kground-preinit] o.j.l.LoggerProviders          : Logging Provider: org.jboss.logging.Log4j2LoggerProvider
2022-06-11 14:34:45.202 - INFO  [kground-preinit] o.h.v.i.u.Version              : HV000001: Hibernate Validator 6.2.3.Final
2022-06-11 14:34:45.209 -DEBUG  [kground-preinit] .h.v.i.x.c.ValidationXmlParser : Trying to load META-INF/validation.xml for XML based Validator configuration.
2022-06-11 14:34:45.210 -DEBUG  [kground-preinit] h.v.i.x.c.ResourceLoaderHelper : Trying to load META-INF/validation.xml via TCCL
2022-06-11 14:34:45.211 -DEBUG  [kground-preinit] h.v.i.x.c.ResourceLoaderHelper : Trying to load META-INF/validation.xml via Hibernate Validator's class loader
2022-06-11 14:34:45.211 -DEBUG  [kground-preinit] .h.v.i.x.c.ValidationXmlParser : No META-INF/validation.xml found. Using annotation based configuration only.
2022-06-11 14:34:45.217 -DEBUG  [kground-preinit] h.v.i.e.r.TraversableResolvers : Cannot find javax.persistence.Persistence on classpath. Assuming non JPA 2 environment. All properties will per default be traversable.
2022-06-11 14:34:45.227 - INFO  [  restartedMain] o.s.b.StartupInfoLogger        : Starting LemonAdminApplication using Java 1.8.0_40 on LAPTOP-KBRJVRM9 with PID 26084 (D:\download\blue-lemon\lemon-admin\target\classes started by lbk24 in D:\download\blue-lemon)
2022-06-11 14:34:45.230 -DEBUG  [  restartedMain] o.s.b.StartupInfoLogger        : Running with Spring Boot v2.7.0, Spring v5.3.20
2022-06-11 14:34:45.231 - INFO  [  restartedMain] o.s.b.SpringApplication        : No active profile set, falling back to 1 default profile: "default"
2022-06-11 14:34:45.277 -DEBUG  [kground-preinit] ourceBundleMessageInterpolator : Loaded expression factory via original TCCL
2022-06-11 14:34:45.413 -DEBUG  [kground-preinit] atorFactoryConfigurationHelper : HV000252: Using org.hibernate.validator.internal.engine.DefaultPropertyNodeNameProvider as property node name provider.
2022-06-11 14:34:45.420 -DEBUG  [kground-preinit] atorFactoryConfigurationHelper : HV000234: Using org.hibernate.validator.messageinterpolation.ResourceBundleMessageInterpolator as ValidatorFactory-scoped message interpolator.
2022-06-11 14:34:45.421 -DEBUG  [kground-preinit] atorFactoryConfigurationHelper : HV000234: Using org.hibernate.validator.internal.engine.resolver.TraverseAllTraversableResolver as ValidatorFactory-scoped traversable resolver.
2022-06-11 14:34:45.421 -DEBUG  [kground-preinit] atorFactoryConfigurationHelper : HV000234: Using org.hibernate.validator.internal.util.ExecutableParameterNameProvider as ValidatorFactory-scoped parameter name provider.
2022-06-11 14:34:45.421 -DEBUG  [kground-preinit] atorFactoryConfigurationHelper : HV000234: Using org.hibernate.validator.internal.engine.DefaultClockProvider as ValidatorFactory-scoped clock provider.
2022-06-11 14:34:45.422 -DEBUG  [kground-preinit] atorFactoryConfigurationHelper : HV000234: Using org.hibernate.validator.internal.engine.scripting.DefaultScriptEvaluatorFactory as ValidatorFactory-scoped script evaluator factory.
2022-06-11 14:34:46.515 - INFO  [  restartedMain] o.a.j.l.DirectJDKLog           : Initializing ProtocolHandler ["http-nio-19000"]
2022-06-11 14:34:46.516 - INFO  [  restartedMain] o.a.j.l.DirectJDKLog           : Starting service [Tomcat]
2022-06-11 14:34:46.516 - INFO  [  restartedMain] o.a.j.l.DirectJDKLog           : Starting Servlet engine: [Apache Tomcat/9.0.63]
2022-06-11 14:34:46.627 - INFO  [  restartedMain] o.a.j.l.DirectJDKLog           : Initializing Spring embedded WebApplicationContext
2022-06-11 14:34:46.713 -DEBUG  [  restartedMain] ourceBundleMessageInterpolator : Loaded expression factory via original TCCL
2022-06-11 14:34:46.716 -DEBUG  [  restartedMain] .i.e.AbstractConfigurationImpl : Setting custom MessageInterpolator of type org.springframework.validation.beanvalidation.LocaleContextMessageInterpolator
2022-06-11 14:34:46.717 -DEBUG  [  restartedMain] .i.e.AbstractConfigurationImpl : Setting custom ConstraintValidatorFactory of type org.springframework.validation.beanvalidation.SpringConstraintValidatorFactory
2022-06-11 14:34:46.718 -DEBUG  [  restartedMain] .i.e.AbstractConfigurationImpl : Setting custom ParameterNameProvider of type org.springframework.validation.beanvalidation.LocalValidatorFactoryBean$1
2022-06-11 14:34:46.721 -DEBUG  [  restartedMain] .h.v.i.x.c.ValidationXmlParser : Trying to load META-INF/validation.xml for XML based Validator configuration.
2022-06-11 14:34:46.722 -DEBUG  [  restartedMain] h.v.i.x.c.ResourceLoaderHelper : Trying to load META-INF/validation.xml via user class loader
2022-06-11 14:34:46.723 -DEBUG  [  restartedMain] h.v.i.x.c.ResourceLoaderHelper : Trying to load META-INF/validation.xml via TCCL
2022-06-11 14:34:46.723 -DEBUG  [  restartedMain] h.v.i.x.c.ResourceLoaderHelper : Trying to load META-INF/validation.xml via Hibernate Validator's class loader
2022-06-11 14:34:46.723 -DEBUG  [  restartedMain] .h.v.i.x.c.ValidationXmlParser : No META-INF/validation.xml found. Using annotation based configuration only.
2022-06-11 14:34:46.725 -DEBUG  [  restartedMain] h.v.i.e.r.TraversableResolvers : Cannot find javax.persistence.Persistence on classpath. Assuming non JPA 2 environment. All properties will per default be traversable.
2022-06-11 14:34:46.726 -DEBUG  [  restartedMain] atorFactoryConfigurationHelper : HV000252: Using org.hibernate.validator.internal.engine.DefaultPropertyNodeNameProvider as property node name provider.
2022-06-11 14:34:46.727 -DEBUG  [  restartedMain] atorFactoryConfigurationHelper : HV000234: Using org.springframework.validation.beanvalidation.LocaleContextMessageInterpolator as ValidatorFactory-scoped message interpolator.
2022-06-11 14:34:46.727 -DEBUG  [  restartedMain] atorFactoryConfigurationHelper : HV000234: Using org.hibernate.validator.internal.engine.resolver.TraverseAllTraversableResolver as ValidatorFactory-scoped traversable resolver.
2022-06-11 14:34:46.727 -DEBUG  [  restartedMain] atorFactoryConfigurationHelper : HV000234: Using org.hibernate.validator.internal.util.ExecutableParameterNameProvider as ValidatorFactory-scoped parameter name provider.
2022-06-11 14:34:46.727 -DEBUG  [  restartedMain] atorFactoryConfigurationHelper : HV000234: Using org.hibernate.validator.internal.engine.DefaultClockProvider as ValidatorFactory-scoped clock provider.
2022-06-11 14:34:46.728 -DEBUG  [  restartedMain] atorFactoryConfigurationHelper : HV000234: Using org.hibernate.validator.internal.engine.scripting.DefaultScriptEvaluatorFactory as ValidatorFactory-scoped script evaluator factory.
2022-06-11 14:34:47.139 -DEBUG  [  restartedMain] h.AbstractHandlerMethodMapping : 
	o.s.b.a.w.s.e.BasicErrorController:
	{ [/error]}: error(HttpServletRequest)
	{ [/error], produces [text/html]}: errorHtml(HttpServletRequest,HttpServletResponse)
2022-06-11 14:34:47.152 -DEBUG  [  restartedMain] ractDetectingUrlHandlerMapping : 'beanNameHandlerMapping' {}
2022-06-11 14:34:47.173 -DEBUG  [  restartedMain] .w.s.h.SimpleUrlHandlerMapping : 'resourceHandlerMapping' {/webjars/**=ResourceHttpRequestHandler [classpath [META-INF/resources/webjars/]], /**=ResourceHttpRequestHandler [classpath [META-INF/resources/], classpath [resources/], classpath [static/], classpath [public/], ServletContext [/]]}
2022-06-11 14:34:47.298 - INFO  [  restartedMain] o.a.j.l.DirectJDKLog           : Starting ProtocolHandler ["http-nio-19000"]
2022-06-11 14:34:47.355 - INFO  [  restartedMain] o.s.b.StartupInfoLogger        : Started LemonAdminApplication in 2.826 seconds (JVM running for 4.571)
2022-06-11 14:35:08.625 - INFO  [io-19000-exec-2] o.a.j.l.DirectJDKLog           : Initializing Spring DispatcherServlet 'dispatcherServlet'
2022-06-11 14:36:15.643 -DEBUG  [kground-preinit] o.j.l.LoggerProviders          : Logging Provider: org.jboss.logging.Log4j2LoggerProvider
2022-06-11 14:36:15.693 - INFO  [kground-preinit] o.h.v.i.u.Version              : HV000001: Hibernate Validator 6.2.3.Final
2022-06-11 14:36:15.707 -DEBUG  [kground-preinit] .h.v.i.x.c.ValidationXmlParser : Trying to load META-INF/validation.xml for XML based Validator configuration.
2022-06-11 14:36:15.710 -DEBUG  [kground-preinit] h.v.i.x.c.ResourceLoaderHelper : Trying to load META-INF/validation.xml via TCCL
2022-06-11 14:36:15.710 -DEBUG  [kground-preinit] h.v.i.x.c.ResourceLoaderHelper : Trying to load META-INF/validation.xml via Hibernate Validator's class loader
2022-06-11 14:36:15.711 -DEBUG  [kground-preinit] .h.v.i.x.c.ValidationXmlParser : No META-INF/validation.xml found. Using annotation based configuration only.
2022-06-11 14:36:15.717 -DEBUG  [kground-preinit] h.v.i.e.r.TraversableResolvers : Cannot find javax.persistence.Persistence on classpath. Assuming non JPA 2 environment. All properties will per default be traversable.
2022-06-11 14:36:15.727 - INFO  [  restartedMain] o.s.b.StartupInfoLogger        : Starting LemonAdminApplication using Java 1.8.0_40 on LAPTOP-KBRJVRM9 with PID 24504 (D:\download\blue-lemon\lemon-admin\target\classes started by lbk24 in D:\download\blue-lemon)
2022-06-11 14:36:15.731 -DEBUG  [  restartedMain] o.s.b.StartupInfoLogger        : Running with Spring Boot v2.7.0, Spring v5.3.20
2022-06-11 14:36:15.732 - INFO  [  restartedMain] o.s.b.SpringApplication        : No active profile set, falling back to 1 default profile: "default"
2022-06-11 14:36:15.747 -DEBUG  [kground-preinit] ourceBundleMessageInterpolator : Loaded expression factory via original TCCL
2022-06-11 14:36:15.922 -DEBUG  [kground-preinit] atorFactoryConfigurationHelper : HV000252: Using org.hibernate.validator.internal.engine.DefaultPropertyNodeNameProvider as property node name provider.
2022-06-11 14:36:15.929 -DEBUG  [kground-preinit] atorFactoryConfigurationHelper : HV000234: Using org.hibernate.validator.messageinterpolation.ResourceBundleMessageInterpolator as ValidatorFactory-scoped message interpolator.
2022-06-11 14:36:15.929 -DEBUG  [kground-preinit] atorFactoryConfigurationHelper : HV000234: Using org.hibernate.validator.internal.engine.resolver.TraverseAllTraversableResolver as ValidatorFactory-scoped traversable resolver.
2022-06-11 14:36:15.929 -DEBUG  [kground-preinit] atorFactoryConfigurationHelper : HV000234: Using org.hibernate.validator.internal.util.ExecutableParameterNameProvider as ValidatorFactory-scoped parameter name provider.
2022-06-11 14:36:15.929 -DEBUG  [kground-preinit] atorFactoryConfigurationHelper : HV000234: Using org.hibernate.validator.internal.engine.DefaultClockProvider as ValidatorFactory-scoped clock provider.
2022-06-11 14:36:15.929 -DEBUG  [kground-preinit] atorFactoryConfigurationHelper : HV000234: Using org.hibernate.validator.internal.engine.scripting.DefaultScriptEvaluatorFactory as ValidatorFactory-scoped script evaluator factory.
2022-06-11 14:36:17.242 - INFO  [  restartedMain] o.a.j.l.DirectJDKLog           : Initializing ProtocolHandler ["http-nio-19000"]
2022-06-11 14:36:17.243 - INFO  [  restartedMain] o.a.j.l.DirectJDKLog           : Starting service [Tomcat]
2022-06-11 14:36:17.243 - INFO  [  restartedMain] o.a.j.l.DirectJDKLog           : Starting Servlet engine: [Apache Tomcat/9.0.63]
2022-06-11 14:36:17.355 - INFO  [  restartedMain] o.a.j.l.DirectJDKLog           : Initializing Spring embedded WebApplicationContext
2022-06-11 14:36:17.441 -DEBUG  [  restartedMain] ourceBundleMessageInterpolator : Loaded expression factory via original TCCL
2022-06-11 14:36:17.449 -DEBUG  [  restartedMain] .i.e.AbstractConfigurationImpl : Setting custom MessageInterpolator of type org.springframework.validation.beanvalidation.LocaleContextMessageInterpolator
2022-06-11 14:36:17.450 -DEBUG  [  restartedMain] .i.e.AbstractConfigurationImpl : Setting custom ConstraintValidatorFactory of type org.springframework.validation.beanvalidation.SpringConstraintValidatorFactory
2022-06-11 14:36:17.450 -DEBUG  [  restartedMain] .i.e.AbstractConfigurationImpl : Setting custom ParameterNameProvider of type org.springframework.validation.beanvalidation.LocalValidatorFactoryBean$1
2022-06-11 14:36:17.451 -DEBUG  [  restartedMain] .h.v.i.x.c.ValidationXmlParser : Trying to load META-INF/validation.xml for XML based Validator configuration.
2022-06-11 14:36:17.451 -DEBUG  [  restartedMain] h.v.i.x.c.ResourceLoaderHelper : Trying to load META-INF/validation.xml via user class loader
2022-06-11 14:36:17.451 -DEBUG  [  restartedMain] h.v.i.x.c.ResourceLoaderHelper : Trying to load META-INF/validation.xml via TCCL
2022-06-11 14:36:17.454 -DEBUG  [  restartedMain] h.v.i.x.c.ResourceLoaderHelper : Trying to load META-INF/validation.xml via Hibernate Validator's class loader
2022-06-11 14:36:17.454 -DEBUG  [  restartedMain] .h.v.i.x.c.ValidationXmlParser : No META-INF/validation.xml found. Using annotation based configuration only.
2022-06-11 14:36:17.456 -DEBUG  [  restartedMain] h.v.i.e.r.TraversableResolvers : Cannot find javax.persistence.Persistence on classpath. Assuming non JPA 2 environment. All properties will per default be traversable.
2022-06-11 14:36:17.458 -DEBUG  [  restartedMain] atorFactoryConfigurationHelper : HV000252: Using org.hibernate.validator.internal.engine.DefaultPropertyNodeNameProvider as property node name provider.
2022-06-11 14:36:17.459 -DEBUG  [  restartedMain] atorFactoryConfigurationHelper : HV000234: Using org.springframework.validation.beanvalidation.LocaleContextMessageInterpolator as ValidatorFactory-scoped message interpolator.
2022-06-11 14:36:17.459 -DEBUG  [  restartedMain] atorFactoryConfigurationHelper : HV000234: Using org.hibernate.validator.internal.engine.resolver.TraverseAllTraversableResolver as ValidatorFactory-scoped traversable resolver.
2022-06-11 14:36:17.460 -DEBUG  [  restartedMain] atorFactoryConfigurationHelper : HV000234: Using org.hibernate.validator.internal.util.ExecutableParameterNameProvider as ValidatorFactory-scoped parameter name provider.
2022-06-11 14:36:17.460 -DEBUG  [  restartedMain] atorFactoryConfigurationHelper : HV000234: Using org.hibernate.validator.internal.engine.DefaultClockProvider as ValidatorFactory-scoped clock provider.
2022-06-11 14:36:17.460 -DEBUG  [  restartedMain] atorFactoryConfigurationHelper : HV000234: Using org.hibernate.validator.internal.engine.scripting.DefaultScriptEvaluatorFactory as ValidatorFactory-scoped script evaluator factory.
2022-06-11 14:36:17.870 -DEBUG  [  restartedMain] h.AbstractHandlerMethodMapping : 
	o.s.b.a.w.s.e.BasicErrorController:
	{ [/error]}: error(HttpServletRequest)
	{ [/error], produces [text/html]}: errorHtml(HttpServletRequest,HttpServletResponse)
2022-06-11 14:36:17.889 -DEBUG  [  restartedMain] ractDetectingUrlHandlerMapping : 'beanNameHandlerMapping' {}
2022-06-11 14:36:17.914 -DEBUG  [  restartedMain] .w.s.h.SimpleUrlHandlerMapping : 'resourceHandlerMapping' {/webjars/**=ResourceHttpRequestHandler [classpath [META-INF/resources/webjars/]], /**=ResourceHttpRequestHandler [classpath [META-INF/resources/], classpath [resources/], classpath [static/], classpath [public/], ServletContext [/]]}
2022-06-11 14:36:18.059 - INFO  [  restartedMain] o.a.j.l.DirectJDKLog           : Starting ProtocolHandler ["http-nio-19000"]
2022-06-11 14:36:18.126 - INFO  [  restartedMain] o.s.b.StartupInfoLogger        : Started LemonAdminApplication in 3.297 seconds (JVM running for 4.991)
2022-06-11 14:36:25.055 - INFO  [io-19000-exec-2] o.a.j.l.DirectJDKLog           : Initializing Spring DispatcherServlet 'dispatcherServlet'
2022-06-11 14:38:14.595 -DEBUG  [kground-preinit] o.j.l.LoggerProviders          : Logging Provider: org.jboss.logging.Log4j2LoggerProvider
2022-06-11 14:38:14.598 - INFO  [kground-preinit] o.h.v.i.u.Version              : HV000001: Hibernate Validator 6.2.3.Final
2022-06-11 14:38:14.602 -DEBUG  [kground-preinit] .h.v.i.x.c.ValidationXmlParser : Trying to load META-INF/validation.xml for XML based Validator configuration.
2022-06-11 14:38:14.602 -DEBUG  [kground-preinit] h.v.i.x.c.ResourceLoaderHelper : Trying to load META-INF/validation.xml via TCCL
2022-06-11 14:38:14.603 -DEBUG  [kground-preinit] h.v.i.x.c.ResourceLoaderHelper : Trying to load META-INF/validation.xml via Hibernate Validator's class loader
2022-06-11 14:38:14.603 -DEBUG  [kground-preinit] .h.v.i.x.c.ValidationXmlParser : No META-INF/validation.xml found. Using annotation based configuration only.
2022-06-11 14:38:14.605 -DEBUG  [kground-preinit] h.v.i.e.r.TraversableResolvers : Cannot find javax.persistence.Persistence on classpath. Assuming non JPA 2 environment. All properties will per default be traversable.
2022-06-11 14:38:14.611 - INFO  [  restartedMain] o.s.b.StartupInfoLogger        : Starting LemonAdminApplication using Java 1.8.0_40 on LAPTOP-KBRJVRM9 with PID 26324 (D:\download\blue-lemon\lemon-admin\target\classes started by lbk24 in D:\download\blue-lemon)
2022-06-11 14:38:14.613 -DEBUG  [  restartedMain] o.s.b.StartupInfoLogger        : Running with Spring Boot v2.7.0, Spring v5.3.20
2022-06-11 14:38:14.614 - INFO  [  restartedMain] o.s.b.SpringApplication        : No active profile set, falling back to 1 default profile: "default"
2022-06-11 14:38:14.637 -DEBUG  [kground-preinit] ourceBundleMessageInterpolator : Loaded expression factory via original TCCL
2022-06-11 14:38:14.706 -DEBUG  [kground-preinit] atorFactoryConfigurationHelper : HV000252: Using org.hibernate.validator.internal.engine.DefaultPropertyNodeNameProvider as property node name provider.
2022-06-11 14:38:14.709 -DEBUG  [kground-preinit] atorFactoryConfigurationHelper : HV000234: Using org.hibernate.validator.messageinterpolation.ResourceBundleMessageInterpolator as ValidatorFactory-scoped message interpolator.
2022-06-11 14:38:14.709 -DEBUG  [kground-preinit] atorFactoryConfigurationHelper : HV000234: Using org.hibernate.validator.internal.engine.resolver.TraverseAllTraversableResolver as ValidatorFactory-scoped traversable resolver.
2022-06-11 14:38:14.709 -DEBUG  [kground-preinit] atorFactoryConfigurationHelper : HV000234: Using org.hibernate.validator.internal.util.ExecutableParameterNameProvider as ValidatorFactory-scoped parameter name provider.
2022-06-11 14:38:14.709 -DEBUG  [kground-preinit] atorFactoryConfigurationHelper : HV000234: Using org.hibernate.validator.internal.engine.DefaultClockProvider as ValidatorFactory-scoped clock provider.
2022-06-11 14:38:14.710 -DEBUG  [kground-preinit] atorFactoryConfigurationHelper : HV000234: Using org.hibernate.validator.internal.engine.scripting.DefaultScriptEvaluatorFactory as ValidatorFactory-scoped script evaluator factory.
2022-06-11 14:38:15.187 - INFO  [  restartedMain] o.a.j.l.DirectJDKLog           : Initializing ProtocolHandler ["http-nio-19000"]
2022-06-11 14:38:15.187 - INFO  [  restartedMain] o.a.j.l.DirectJDKLog           : Starting service [Tomcat]
2022-06-11 14:38:15.188 - INFO  [  restartedMain] o.a.j.l.DirectJDKLog           : Starting Servlet engine: [Apache Tomcat/9.0.63]
2022-06-11 14:38:15.238 - INFO  [  restartedMain] o.a.j.l.DirectJDKLog           : Initializing Spring embedded WebApplicationContext
2022-06-11 14:38:15.272 -DEBUG  [  restartedMain] ourceBundleMessageInterpolator : Loaded expression factory via original TCCL
2022-06-11 14:38:15.274 -DEBUG  [  restartedMain] .i.e.AbstractConfigurationImpl : Setting custom MessageInterpolator of type org.springframework.validation.beanvalidation.LocaleContextMessageInterpolator
2022-06-11 14:38:15.275 -DEBUG  [  restartedMain] .i.e.AbstractConfigurationImpl : Setting custom ConstraintValidatorFactory of type org.springframework.validation.beanvalidation.SpringConstraintValidatorFactory
2022-06-11 14:38:15.275 -DEBUG  [  restartedMain] .i.e.AbstractConfigurationImpl : Setting custom ParameterNameProvider of type org.springframework.validation.beanvalidation.LocalValidatorFactoryBean$1
2022-06-11 14:38:15.276 -DEBUG  [  restartedMain] .h.v.i.x.c.ValidationXmlParser : Trying to load META-INF/validation.xml for XML based Validator configuration.
2022-06-11 14:38:15.276 -DEBUG  [  restartedMain] h.v.i.x.c.ResourceLoaderHelper : Trying to load META-INF/validation.xml via user class loader
2022-06-11 14:38:15.276 -DEBUG  [  restartedMain] h.v.i.x.c.ResourceLoaderHelper : Trying to load META-INF/validation.xml via TCCL
2022-06-11 14:38:15.276 -DEBUG  [  restartedMain] h.v.i.x.c.ResourceLoaderHelper : Trying to load META-INF/validation.xml via Hibernate Validator's class loader
2022-06-11 14:38:15.276 -DEBUG  [  restartedMain] .h.v.i.x.c.ValidationXmlParser : No META-INF/validation.xml found. Using annotation based configuration only.
2022-06-11 14:38:15.277 -DEBUG  [  restartedMain] h.v.i.e.r.TraversableResolvers : Cannot find javax.persistence.Persistence on classpath. Assuming non JPA 2 environment. All properties will per default be traversable.
2022-06-11 14:38:15.278 -DEBUG  [  restartedMain] atorFactoryConfigurationHelper : HV000252: Using org.hibernate.validator.internal.engine.DefaultPropertyNodeNameProvider as property node name provider.
2022-06-11 14:38:15.278 -DEBUG  [  restartedMain] atorFactoryConfigurationHelper : HV000234: Using org.springframework.validation.beanvalidation.LocaleContextMessageInterpolator as ValidatorFactory-scoped message interpolator.
2022-06-11 14:38:15.278 -DEBUG  [  restartedMain] atorFactoryConfigurationHelper : HV000234: Using org.hibernate.validator.internal.engine.resolver.TraverseAllTraversableResolver as ValidatorFactory-scoped traversable resolver.
2022-06-11 14:38:15.278 -DEBUG  [  restartedMain] atorFactoryConfigurationHelper : HV000234: Using org.hibernate.validator.internal.util.ExecutableParameterNameProvider as ValidatorFactory-scoped parameter name provider.
2022-06-11 14:38:15.278 -DEBUG  [  restartedMain] atorFactoryConfigurationHelper : HV000234: Using org.hibernate.validator.internal.engine.DefaultClockProvider as ValidatorFactory-scoped clock provider.
2022-06-11 14:38:15.279 -DEBUG  [  restartedMain] atorFactoryConfigurationHelper : HV000234: Using org.hibernate.validator.internal.engine.scripting.DefaultScriptEvaluatorFactory as ValidatorFactory-scoped script evaluator factory.
2022-06-11 14:38:15.432 -DEBUG  [  restartedMain] h.AbstractHandlerMethodMapping : 
	o.s.b.a.w.s.e.BasicErrorController:
	{ [/error]}: error(HttpServletRequest)
	{ [/error], produces [text/html]}: errorHtml(HttpServletRequest,HttpServletResponse)
2022-06-11 14:38:15.438 -DEBUG  [  restartedMain] ractDetectingUrlHandlerMapping : 'beanNameHandlerMapping' {}
2022-06-11 14:38:15.447 -DEBUG  [  restartedMain] .w.s.h.SimpleUrlHandlerMapping : 'resourceHandlerMapping' {/webjars/**=ResourceHttpRequestHandler [classpath [META-INF/resources/webjars/]], /**=ResourceHttpRequestHandler [classpath [META-INF/resources/], classpath [resources/], classpath [static/], classpath [public/], ServletContext [/]]}
2022-06-11 14:38:15.499 - INFO  [  restartedMain] o.a.j.l.DirectJDKLog           : Starting ProtocolHandler ["http-nio-19000"]
2022-06-11 14:38:15.524 - INFO  [  restartedMain] o.s.b.StartupInfoLogger        : Started LemonAdminApplication in 1.253 seconds (JVM running for 1.963)
2022-06-11 14:38:32.609 - INFO  [io-19000-exec-1] o.a.j.l.DirectJDKLog           : Initializing Spring DispatcherServlet 'dispatcherServlet'
2022-06-11 14:40:35.084 -DEBUG  [kground-preinit] o.j.l.LoggerProviders          : Logging Provider: org.jboss.logging.Log4j2LoggerProvider
2022-06-11 14:40:35.087 - INFO  [kground-preinit] o.h.v.i.u.Version              : HV000001: Hibernate Validator 6.2.3.Final
2022-06-11 14:40:35.090 -DEBUG  [kground-preinit] .h.v.i.x.c.ValidationXmlParser : Trying to load META-INF/validation.xml for XML based Validator configuration.
2022-06-11 14:40:35.091 -DEBUG  [kground-preinit] h.v.i.x.c.ResourceLoaderHelper : Trying to load META-INF/validation.xml via TCCL
2022-06-11 14:40:35.092 -DEBUG  [kground-preinit] h.v.i.x.c.ResourceLoaderHelper : Trying to load META-INF/validation.xml via Hibernate Validator's class loader
2022-06-11 14:40:35.092 -DEBUG  [kground-preinit] .h.v.i.x.c.ValidationXmlParser : No META-INF/validation.xml found. Using annotation based configuration only.
2022-06-11 14:40:35.094 -DEBUG  [kground-preinit] h.v.i.e.r.TraversableResolvers : Cannot find javax.persistence.Persistence on classpath. Assuming non JPA 2 environment. All properties will per default be traversable.
2022-06-11 14:40:35.099 - INFO  [  restartedMain] o.s.b.StartupInfoLogger        : Starting LemonAdminApplication using Java 1.8.0_40 on LAPTOP-KBRJVRM9 with PID 27260 (D:\download\blue-lemon\lemon-admin\target\classes started by lbk24 in D:\download\blue-lemon)
2022-06-11 14:40:35.101 -DEBUG  [  restartedMain] o.s.b.StartupInfoLogger        : Running with Spring Boot v2.7.0, Spring v5.3.20
2022-06-11 14:40:35.101 - INFO  [  restartedMain] o.s.b.SpringApplication        : No active profile set, falling back to 1 default profile: "default"
2022-06-11 14:40:35.122 -DEBUG  [kground-preinit] ourceBundleMessageInterpolator : Loaded expression factory via original TCCL
2022-06-11 14:40:35.190 -DEBUG  [kground-preinit] atorFactoryConfigurationHelper : HV000252: Using org.hibernate.validator.internal.engine.DefaultPropertyNodeNameProvider as property node name provider.
2022-06-11 14:40:35.193 -DEBUG  [kground-preinit] atorFactoryConfigurationHelper : HV000234: Using org.hibernate.validator.messageinterpolation.ResourceBundleMessageInterpolator as ValidatorFactory-scoped message interpolator.
2022-06-11 14:40:35.194 -DEBUG  [kground-preinit] atorFactoryConfigurationHelper : HV000234: Using org.hibernate.validator.internal.engine.resolver.TraverseAllTraversableResolver as ValidatorFactory-scoped traversable resolver.
2022-06-11 14:40:35.194 -DEBUG  [kground-preinit] atorFactoryConfigurationHelper : HV000234: Using org.hibernate.validator.internal.util.ExecutableParameterNameProvider as ValidatorFactory-scoped parameter name provider.
2022-06-11 14:40:35.194 -DEBUG  [kground-preinit] atorFactoryConfigurationHelper : HV000234: Using org.hibernate.validator.internal.engine.DefaultClockProvider as ValidatorFactory-scoped clock provider.
2022-06-11 14:40:35.194 -DEBUG  [kground-preinit] atorFactoryConfigurationHelper : HV000234: Using org.hibernate.validator.internal.engine.scripting.DefaultScriptEvaluatorFactory as ValidatorFactory-scoped script evaluator factory.
2022-06-11 14:40:35.691 - INFO  [  restartedMain] o.a.j.l.DirectJDKLog           : Initializing ProtocolHandler ["http-nio-19000"]
2022-06-11 14:40:35.692 - INFO  [  restartedMain] o.a.j.l.DirectJDKLog           : Starting service [Tomcat]
2022-06-11 14:40:35.692 - INFO  [  restartedMain] o.a.j.l.DirectJDKLog           : Starting Servlet engine: [Apache Tomcat/9.0.63]
2022-06-11 14:40:35.741 - INFO  [  restartedMain] o.a.j.l.DirectJDKLog           : Initializing Spring embedded WebApplicationContext
2022-06-11 14:40:35.776 -DEBUG  [  restartedMain] ourceBundleMessageInterpolator : Loaded expression factory via original TCCL
2022-06-11 14:40:35.778 -DEBUG  [  restartedMain] .i.e.AbstractConfigurationImpl : Setting custom MessageInterpolator of type org.springframework.validation.beanvalidation.LocaleContextMessageInterpolator
2022-06-11 14:40:35.778 -DEBUG  [  restartedMain] .i.e.AbstractConfigurationImpl : Setting custom ConstraintValidatorFactory of type org.springframework.validation.beanvalidation.SpringConstraintValidatorFactory
2022-06-11 14:40:35.779 -DEBUG  [  restartedMain] .i.e.AbstractConfigurationImpl : Setting custom ParameterNameProvider of type org.springframework.validation.beanvalidation.LocalValidatorFactoryBean$1
2022-06-11 14:40:35.779 -DEBUG  [  restartedMain] .h.v.i.x.c.ValidationXmlParser : Trying to load META-INF/validation.xml for XML based Validator configuration.
2022-06-11 14:40:35.779 -DEBUG  [  restartedMain] h.v.i.x.c.ResourceLoaderHelper : Trying to load META-INF/validation.xml via user class loader
2022-06-11 14:40:35.780 -DEBUG  [  restartedMain] h.v.i.x.c.ResourceLoaderHelper : Trying to load META-INF/validation.xml via TCCL
2022-06-11 14:40:35.780 -DEBUG  [  restartedMain] h.v.i.x.c.ResourceLoaderHelper : Trying to load META-INF/validation.xml via Hibernate Validator's class loader
2022-06-11 14:40:35.780 -DEBUG  [  restartedMain] .h.v.i.x.c.ValidationXmlParser : No META-INF/validation.xml found. Using annotation based configuration only.
2022-06-11 14:40:35.781 -DEBUG  [  restartedMain] h.v.i.e.r.TraversableResolvers : Cannot find javax.persistence.Persistence on classpath. Assuming non JPA 2 environment. All properties will per default be traversable.
2022-06-11 14:40:35.781 -DEBUG  [  restartedMain] atorFactoryConfigurationHelper : HV000252: Using org.hibernate.validator.internal.engine.DefaultPropertyNodeNameProvider as property node name provider.
2022-06-11 14:40:35.782 -DEBUG  [  restartedMain] atorFactoryConfigurationHelper : HV000234: Using org.springframework.validation.beanvalidation.LocaleContextMessageInterpolator as ValidatorFactory-scoped message interpolator.
2022-06-11 14:40:35.782 -DEBUG  [  restartedMain] atorFactoryConfigurationHelper : HV000234: Using org.hibernate.validator.internal.engine.resolver.TraverseAllTraversableResolver as ValidatorFactory-scoped traversable resolver.
2022-06-11 14:40:35.782 -DEBUG  [  restartedMain] atorFactoryConfigurationHelper : HV000234: Using org.hibernate.validator.internal.util.ExecutableParameterNameProvider as ValidatorFactory-scoped parameter name provider.
2022-06-11 14:40:35.782 -DEBUG  [  restartedMain] atorFactoryConfigurationHelper : HV000234: Using org.hibernate.validator.internal.engine.DefaultClockProvider as ValidatorFactory-scoped clock provider.
2022-06-11 14:40:35.782 -DEBUG  [  restartedMain] atorFactoryConfigurationHelper : HV000234: Using org.hibernate.validator.internal.engine.scripting.DefaultScriptEvaluatorFactory as ValidatorFactory-scoped script evaluator factory.
2022-06-11 14:40:35.961 -DEBUG  [  restartedMain] h.AbstractHandlerMethodMapping : 
	o.s.b.a.w.s.e.BasicErrorController:
	{ [/error]}: error(HttpServletRequest)
	{ [/error], produces [text/html]}: errorHtml(HttpServletRequest,HttpServletResponse)
2022-06-11 14:40:35.967 -DEBUG  [  restartedMain] ractDetectingUrlHandlerMapping : 'beanNameHandlerMapping' {}
2022-06-11 14:40:35.977 -DEBUG  [  restartedMain] .w.s.h.SimpleUrlHandlerMapping : 'resourceHandlerMapping' {/webjars/**=ResourceHttpRequestHandler [classpath [META-INF/resources/webjars/]], /**=ResourceHttpRequestHandler [classpath [META-INF/resources/], classpath [resources/], classpath [static/], classpath [public/], ServletContext [/]]}
2022-06-11 14:40:36.025 - INFO  [  restartedMain] o.a.j.l.DirectJDKLog           : Starting ProtocolHandler ["http-nio-19000"]
2022-06-11 14:40:36.049 - INFO  [  restartedMain] o.s.b.StartupInfoLogger        : Started LemonAdminApplication in 1.272 seconds (JVM running for 1.928)
2022-06-11 14:40:38.713 - INFO  [io-19000-exec-2] o.a.j.l.DirectJDKLog           : Initializing Spring DispatcherServlet 'dispatcherServlet'
2022-06-11 14:45:30.975 -DEBUG  [kground-preinit] o.j.l.LoggerProviders          : Logging Provider: org.jboss.logging.Log4j2LoggerProvider
2022-06-11 14:45:30.979 - INFO  [kground-preinit] o.h.v.i.u.Version              : HV000001: Hibernate Validator 6.2.3.Final
2022-06-11 14:45:30.983 -DEBUG  [kground-preinit] .h.v.i.x.c.ValidationXmlParser : Trying to load META-INF/validation.xml for XML based Validator configuration.
2022-06-11 14:45:30.984 -DEBUG  [kground-preinit] h.v.i.x.c.ResourceLoaderHelper : Trying to load META-INF/validation.xml via TCCL
2022-06-11 14:45:30.984 -DEBUG  [kground-preinit] h.v.i.x.c.ResourceLoaderHelper : Trying to load META-INF/validation.xml via Hibernate Validator's class loader
2022-06-11 14:45:30.985 -DEBUG  [kground-preinit] .h.v.i.x.c.ValidationXmlParser : No META-INF/validation.xml found. Using annotation based configuration only.
2022-06-11 14:45:30.987 -DEBUG  [kground-preinit] h.v.i.e.r.TraversableResolvers : Cannot find javax.persistence.Persistence on classpath. Assuming non JPA 2 environment. All properties will per default be traversable.
2022-06-11 14:45:30.992 - INFO  [  restartedMain] o.s.b.StartupInfoLogger        : Starting LemonAdminApplication using Java 1.8.0_40 on LAPTOP-KBRJVRM9 with PID 12436 (D:\download\blue-lemon\lemon-admin\target\classes started by lbk24 in D:\download\blue-lemon)
2022-06-11 14:45:30.994 -DEBUG  [  restartedMain] o.s.b.StartupInfoLogger        : Running with Spring Boot v2.7.0, Spring v5.3.20
2022-06-11 14:45:30.995 - INFO  [  restartedMain] o.s.b.SpringApplication        : No active profile set, falling back to 1 default profile: "default"
2022-06-11 14:45:31.020 -DEBUG  [kground-preinit] ourceBundleMessageInterpolator : Loaded expression factory via original TCCL
2022-06-11 14:45:31.091 -DEBUG  [kground-preinit] atorFactoryConfigurationHelper : HV000252: Using org.hibernate.validator.internal.engine.DefaultPropertyNodeNameProvider as property node name provider.
2022-06-11 14:45:31.095 -DEBUG  [kground-preinit] atorFactoryConfigurationHelper : HV000234: Using org.hibernate.validator.messageinterpolation.ResourceBundleMessageInterpolator as ValidatorFactory-scoped message interpolator.
2022-06-11 14:45:31.095 -DEBUG  [kground-preinit] atorFactoryConfigurationHelper : HV000234: Using org.hibernate.validator.internal.engine.resolver.TraverseAllTraversableResolver as ValidatorFactory-scoped traversable resolver.
2022-06-11 14:45:31.095 -DEBUG  [kground-preinit] atorFactoryConfigurationHelper : HV000234: Using org.hibernate.validator.internal.util.ExecutableParameterNameProvider as ValidatorFactory-scoped parameter name provider.
2022-06-11 14:45:31.095 -DEBUG  [kground-preinit] atorFactoryConfigurationHelper : HV000234: Using org.hibernate.validator.internal.engine.DefaultClockProvider as ValidatorFactory-scoped clock provider.
2022-06-11 14:45:31.095 -DEBUG  [kground-preinit] atorFactoryConfigurationHelper : HV000234: Using org.hibernate.validator.internal.engine.scripting.DefaultScriptEvaluatorFactory as ValidatorFactory-scoped script evaluator factory.
2022-06-11 14:45:31.587 - INFO  [  restartedMain] o.a.j.l.DirectJDKLog           : Initializing ProtocolHandler ["http-nio-19000"]
2022-06-11 14:45:31.587 - INFO  [  restartedMain] o.a.j.l.DirectJDKLog           : Starting service [Tomcat]
2022-06-11 14:45:31.587 - INFO  [  restartedMain] o.a.j.l.DirectJDKLog           : Starting Servlet engine: [Apache Tomcat/9.0.63]
2022-06-11 14:45:31.640 - INFO  [  restartedMain] o.a.j.l.DirectJDKLog           : Initializing Spring embedded WebApplicationContext
2022-06-11 14:45:31.673 -DEBUG  [  restartedMain] ourceBundleMessageInterpolator : Loaded expression factory via original TCCL
2022-06-11 14:45:31.675 -DEBUG  [  restartedMain] .i.e.AbstractConfigurationImpl : Setting custom MessageInterpolator of type org.springframework.validation.beanvalidation.LocaleContextMessageInterpolator
2022-06-11 14:45:31.676 -DEBUG  [  restartedMain] .i.e.AbstractConfigurationImpl : Setting custom ConstraintValidatorFactory of type org.springframework.validation.beanvalidation.SpringConstraintValidatorFactory
2022-06-11 14:45:31.676 -DEBUG  [  restartedMain] .i.e.AbstractConfigurationImpl : Setting custom ParameterNameProvider of type org.springframework.validation.beanvalidation.LocalValidatorFactoryBean$1
2022-06-11 14:45:31.677 -DEBUG  [  restartedMain] .h.v.i.x.c.ValidationXmlParser : Trying to load META-INF/validation.xml for XML based Validator configuration.
2022-06-11 14:45:31.677 -DEBUG  [  restartedMain] h.v.i.x.c.ResourceLoaderHelper : Trying to load META-INF/validation.xml via user class loader
2022-06-11 14:45:31.677 -DEBUG  [  restartedMain] h.v.i.x.c.ResourceLoaderHelper : Trying to load META-INF/validation.xml via TCCL
2022-06-11 14:45:31.677 -DEBUG  [  restartedMain] h.v.i.x.c.ResourceLoaderHelper : Trying to load META-INF/validation.xml via Hibernate Validator's class loader
2022-06-11 14:45:31.677 -DEBUG  [  restartedMain] .h.v.i.x.c.ValidationXmlParser : No META-INF/validation.xml found. Using annotation based configuration only.
2022-06-11 14:45:31.678 -DEBUG  [  restartedMain] h.v.i.e.r.TraversableResolvers : Cannot find javax.persistence.Persistence on classpath. Assuming non JPA 2 environment. All properties will per default be traversable.
2022-06-11 14:45:31.679 -DEBUG  [  restartedMain] atorFactoryConfigurationHelper : HV000252: Using org.hibernate.validator.internal.engine.DefaultPropertyNodeNameProvider as property node name provider.
2022-06-11 14:45:31.679 -DEBUG  [  restartedMain] atorFactoryConfigurationHelper : HV000234: Using org.springframework.validation.beanvalidation.LocaleContextMessageInterpolator as ValidatorFactory-scoped message interpolator.
2022-06-11 14:45:31.679 -DEBUG  [  restartedMain] atorFactoryConfigurationHelper : HV000234: Using org.hibernate.validator.internal.engine.resolver.TraverseAllTraversableResolver as ValidatorFactory-scoped traversable resolver.
2022-06-11 14:45:31.679 -DEBUG  [  restartedMain] atorFactoryConfigurationHelper : HV000234: Using org.hibernate.validator.internal.util.ExecutableParameterNameProvider as ValidatorFactory-scoped parameter name provider.
2022-06-11 14:45:31.679 -DEBUG  [  restartedMain] atorFactoryConfigurationHelper : HV000234: Using org.hibernate.validator.internal.engine.DefaultClockProvider as ValidatorFactory-scoped clock provider.
2022-06-11 14:45:31.680 -DEBUG  [  restartedMain] atorFactoryConfigurationHelper : HV000234: Using org.hibernate.validator.internal.engine.scripting.DefaultScriptEvaluatorFactory as ValidatorFactory-scoped script evaluator factory.
2022-06-11 14:45:31.861 -DEBUG  [  restartedMain] h.AbstractHandlerMethodMapping : 
	o.s.b.a.w.s.e.BasicErrorController:
	{ [/error]}: error(HttpServletRequest)
	{ [/error], produces [text/html]}: errorHtml(HttpServletRequest,HttpServletResponse)
2022-06-11 14:45:31.866 -DEBUG  [  restartedMain] ractDetectingUrlHandlerMapping : 'beanNameHandlerMapping' {}
2022-06-11 14:45:31.874 -DEBUG  [  restartedMain] .w.s.h.SimpleUrlHandlerMapping : 'resourceHandlerMapping' {/webjars/**=ResourceHttpRequestHandler [classpath [META-INF/resources/webjars/]], /**=ResourceHttpRequestHandler [classpath [META-INF/resources/], classpath [resources/], classpath [static/], classpath [public/], ServletContext [/]]}
2022-06-11 14:45:31.925 - INFO  [  restartedMain] o.a.j.l.DirectJDKLog           : Starting ProtocolHandler ["http-nio-19000"]
2022-06-11 14:45:31.949 - INFO  [  restartedMain] o.s.b.StartupInfoLogger        : Started LemonAdminApplication in 1.3 seconds (JVM running for 1.978)
2022-06-11 14:45:54.589 - INFO  [io-19000-exec-2] o.a.j.l.DirectJDKLog           : Initializing Spring DispatcherServlet 'dispatcherServlet'
2022-06-11 14:49:08.141 -DEBUG  [kground-preinit] o.j.l.LoggerProviders          : Logging Provider: org.jboss.logging.Log4j2LoggerProvider
2022-06-11 14:49:08.144 - INFO  [kground-preinit] o.h.v.i.u.Version              : HV000001: Hibernate Validator 6.2.3.Final
2022-06-11 14:49:08.148 -DEBUG  [kground-preinit] .h.v.i.x.c.ValidationXmlParser : Trying to load META-INF/validation.xml for XML based Validator configuration.
2022-06-11 14:49:08.149 -DEBUG  [kground-preinit] h.v.i.x.c.ResourceLoaderHelper : Trying to load META-INF/validation.xml via TCCL
2022-06-11 14:49:08.149 -DEBUG  [kground-preinit] h.v.i.x.c.ResourceLoaderHelper : Trying to load META-INF/validation.xml via Hibernate Validator's class loader
2022-06-11 14:49:08.149 -DEBUG  [kground-preinit] .h.v.i.x.c.ValidationXmlParser : No META-INF/validation.xml found. Using annotation based configuration only.
2022-06-11 14:49:08.152 -DEBUG  [kground-preinit] h.v.i.e.r.TraversableResolvers : Cannot find javax.persistence.Persistence on classpath. Assuming non JPA 2 environment. All properties will per default be traversable.
2022-06-11 14:49:08.158 - INFO  [  restartedMain] o.s.b.StartupInfoLogger        : Starting LemonAdminApplication using Java 1.8.0_40 on LAPTOP-KBRJVRM9 with PID 27060 (D:\download\blue-lemon\lemon-admin\target\classes started by lbk24 in D:\download\blue-lemon)
2022-06-11 14:49:08.160 -DEBUG  [  restartedMain] o.s.b.StartupInfoLogger        : Running with Spring Boot v2.7.0, Spring v5.3.20
2022-06-11 14:49:08.161 - INFO  [  restartedMain] o.s.b.SpringApplication        : No active profile set, falling back to 1 default profile: "default"
2022-06-11 14:49:08.186 -DEBUG  [kground-preinit] ourceBundleMessageInterpolator : Loaded expression factory via original TCCL
2022-06-11 14:49:08.260 -DEBUG  [kground-preinit] atorFactoryConfigurationHelper : HV000252: Using org.hibernate.validator.internal.engine.DefaultPropertyNodeNameProvider as property node name provider.
2022-06-11 14:49:08.263 -DEBUG  [kground-preinit] atorFactoryConfigurationHelper : HV000234: Using org.hibernate.validator.messageinterpolation.ResourceBundleMessageInterpolator as ValidatorFactory-scoped message interpolator.
2022-06-11 14:49:08.263 -DEBUG  [kground-preinit] atorFactoryConfigurationHelper : HV000234: Using org.hibernate.validator.internal.engine.resolver.TraverseAllTraversableResolver as ValidatorFactory-scoped traversable resolver.
2022-06-11 14:49:08.263 -DEBUG  [kground-preinit] atorFactoryConfigurationHelper : HV000234: Using org.hibernate.validator.internal.util.ExecutableParameterNameProvider as ValidatorFactory-scoped parameter name provider.
2022-06-11 14:49:08.264 -DEBUG  [kground-preinit] atorFactoryConfigurationHelper : HV000234: Using org.hibernate.validator.internal.engine.DefaultClockProvider as ValidatorFactory-scoped clock provider.
2022-06-11 14:49:08.264 -DEBUG  [kground-preinit] atorFactoryConfigurationHelper : HV000234: Using org.hibernate.validator.internal.engine.scripting.DefaultScriptEvaluatorFactory as ValidatorFactory-scoped script evaluator factory.
2022-06-11 14:49:08.748 - INFO  [  restartedMain] o.a.j.l.DirectJDKLog           : Initializing ProtocolHandler ["http-nio-19000"]
2022-06-11 14:49:08.748 - INFO  [  restartedMain] o.a.j.l.DirectJDKLog           : Starting service [Tomcat]
2022-06-11 14:49:08.748 - INFO  [  restartedMain] o.a.j.l.DirectJDKLog           : Starting Servlet engine: [Apache Tomcat/9.0.63]
2022-06-11 14:49:08.799 - INFO  [  restartedMain] o.a.j.l.DirectJDKLog           : Initializing Spring embedded WebApplicationContext
2022-06-11 14:49:08.835 -DEBUG  [  restartedMain] ourceBundleMessageInterpolator : Loaded expression factory via original TCCL
2022-06-11 14:49:08.837 -DEBUG  [  restartedMain] .i.e.AbstractConfigurationImpl : Setting custom MessageInterpolator of type org.springframework.validation.beanvalidation.LocaleContextMessageInterpolator
2022-06-11 14:49:08.837 -DEBUG  [  restartedMain] .i.e.AbstractConfigurationImpl : Setting custom ConstraintValidatorFactory of type org.springframework.validation.beanvalidation.SpringConstraintValidatorFactory
2022-06-11 14:49:08.838 -DEBUG  [  restartedMain] .i.e.AbstractConfigurationImpl : Setting custom ParameterNameProvider of type org.springframework.validation.beanvalidation.LocalValidatorFactoryBean$1
2022-06-11 14:49:08.838 -DEBUG  [  restartedMain] .h.v.i.x.c.ValidationXmlParser : Trying to load META-INF/validation.xml for XML based Validator configuration.
2022-06-11 14:49:08.838 -DEBUG  [  restartedMain] h.v.i.x.c.ResourceLoaderHelper : Trying to load META-INF/validation.xml via user class loader
2022-06-11 14:49:08.839 -DEBUG  [  restartedMain] h.v.i.x.c.ResourceLoaderHelper : Trying to load META-INF/validation.xml via TCCL
2022-06-11 14:49:08.839 -DEBUG  [  restartedMain] h.v.i.x.c.ResourceLoaderHelper : Trying to load META-INF/validation.xml via Hibernate Validator's class loader
2022-06-11 14:49:08.839 -DEBUG  [  restartedMain] .h.v.i.x.c.ValidationXmlParser : No META-INF/validation.xml found. Using annotation based configuration only.
2022-06-11 14:49:08.839 -DEBUG  [  restartedMain] h.v.i.e.r.TraversableResolvers : Cannot find javax.persistence.Persistence on classpath. Assuming non JPA 2 environment. All properties will per default be traversable.
2022-06-11 14:49:08.840 -DEBUG  [  restartedMain] atorFactoryConfigurationHelper : HV000252: Using org.hibernate.validator.internal.engine.DefaultPropertyNodeNameProvider as property node name provider.
2022-06-11 14:49:08.841 -DEBUG  [  restartedMain] atorFactoryConfigurationHelper : HV000234: Using org.springframework.validation.beanvalidation.LocaleContextMessageInterpolator as ValidatorFactory-scoped message interpolator.
2022-06-11 14:49:08.841 -DEBUG  [  restartedMain] atorFactoryConfigurationHelper : HV000234: Using org.hibernate.validator.internal.engine.resolver.TraverseAllTraversableResolver as ValidatorFactory-scoped traversable resolver.
2022-06-11 14:49:08.841 -DEBUG  [  restartedMain] atorFactoryConfigurationHelper : HV000234: Using org.hibernate.validator.internal.util.ExecutableParameterNameProvider as ValidatorFactory-scoped parameter name provider.
2022-06-11 14:49:08.841 -DEBUG  [  restartedMain] atorFactoryConfigurationHelper : HV000234: Using org.hibernate.validator.internal.engine.DefaultClockProvider as ValidatorFactory-scoped clock provider.
2022-06-11 14:49:08.841 -DEBUG  [  restartedMain] atorFactoryConfigurationHelper : HV000234: Using org.hibernate.validator.internal.engine.scripting.DefaultScriptEvaluatorFactory as ValidatorFactory-scoped script evaluator factory.
2022-06-11 14:49:09.021 -DEBUG  [  restartedMain] h.AbstractHandlerMethodMapping : 
	o.s.b.a.w.s.e.BasicErrorController:
	{ [/error]}: error(HttpServletRequest)
	{ [/error], produces [text/html]}: errorHtml(HttpServletRequest,HttpServletResponse)
2022-06-11 14:49:09.028 -DEBUG  [  restartedMain] ractDetectingUrlHandlerMapping : 'beanNameHandlerMapping' {}
2022-06-11 14:49:09.038 -DEBUG  [  restartedMain] .w.s.h.SimpleUrlHandlerMapping : 'resourceHandlerMapping' {/webjars/**=ResourceHttpRequestHandler [classpath [META-INF/resources/webjars/]], /**=ResourceHttpRequestHandler [classpath [META-INF/resources/], classpath [resources/], classpath [static/], classpath [public/], ServletContext [/]]}
2022-06-11 14:49:09.087 - INFO  [  restartedMain] o.a.j.l.DirectJDKLog           : Starting ProtocolHandler ["http-nio-19000"]
2022-06-11 14:49:09.112 - INFO  [  restartedMain] o.s.b.StartupInfoLogger        : Started LemonAdminApplication in 1.292 seconds (JVM running for 2.016)
2022-06-11 14:49:20.621 - INFO  [io-19000-exec-2] o.a.j.l.DirectJDKLog           : Initializing Spring DispatcherServlet 'dispatcherServlet'
2022-06-11 14:55:13.171 -DEBUG  [kground-preinit] o.j.l.LoggerProviders          : Logging Provider: org.jboss.logging.Log4j2LoggerProvider
2022-06-11 14:55:13.174 - INFO  [kground-preinit] o.h.v.i.u.Version              : HV000001: Hibernate Validator 6.2.3.Final
2022-06-11 14:55:13.179 -DEBUG  [kground-preinit] .h.v.i.x.c.ValidationXmlParser : Trying to load META-INF/validation.xml for XML based Validator configuration.
2022-06-11 14:55:13.179 -DEBUG  [kground-preinit] h.v.i.x.c.ResourceLoaderHelper : Trying to load META-INF/validation.xml via TCCL
2022-06-11 14:55:13.180 -DEBUG  [kground-preinit] h.v.i.x.c.ResourceLoaderHelper : Trying to load META-INF/validation.xml via Hibernate Validator's class loader
2022-06-11 14:55:13.180 -DEBUG  [kground-preinit] .h.v.i.x.c.ValidationXmlParser : No META-INF/validation.xml found. Using annotation based configuration only.
2022-06-11 14:55:13.182 -DEBUG  [kground-preinit] h.v.i.e.r.TraversableResolvers : Cannot find javax.persistence.Persistence on classpath. Assuming non JPA 2 environment. All properties will per default be traversable.
2022-06-11 14:55:13.189 - INFO  [  restartedMain] o.s.b.StartupInfoLogger        : Starting LemonAdminApplication using Java 1.8.0_40 on LAPTOP-KBRJVRM9 with PID 24168 (D:\download\blue-lemon\lemon-admin\target\classes started by lbk24 in D:\download\blue-lemon)
2022-06-11 14:55:13.192 -DEBUG  [  restartedMain] o.s.b.StartupInfoLogger        : Running with Spring Boot v2.7.0, Spring v5.3.20
2022-06-11 14:55:13.192 - INFO  [  restartedMain] o.s.b.SpringApplication        : No active profile set, falling back to 1 default profile: "default"
2022-06-11 14:55:13.199 -DEBUG  [kground-preinit] ourceBundleMessageInterpolator : Loaded expression factory via original TCCL
2022-06-11 14:55:13.295 -DEBUG  [kground-preinit] atorFactoryConfigurationHelper : HV000252: Using org.hibernate.validator.internal.engine.DefaultPropertyNodeNameProvider as property node name provider.
2022-06-11 14:55:13.298 -DEBUG  [kground-preinit] atorFactoryConfigurationHelper : HV000234: Using org.hibernate.validator.messageinterpolation.ResourceBundleMessageInterpolator as ValidatorFactory-scoped message interpolator.
2022-06-11 14:55:13.298 -DEBUG  [kground-preinit] atorFactoryConfigurationHelper : HV000234: Using org.hibernate.validator.internal.engine.resolver.TraverseAllTraversableResolver as ValidatorFactory-scoped traversable resolver.
2022-06-11 14:55:13.298 -DEBUG  [kground-preinit] atorFactoryConfigurationHelper : HV000234: Using org.hibernate.validator.internal.util.ExecutableParameterNameProvider as ValidatorFactory-scoped parameter name provider.
2022-06-11 14:55:13.298 -DEBUG  [kground-preinit] atorFactoryConfigurationHelper : HV000234: Using org.hibernate.validator.internal.engine.DefaultClockProvider as ValidatorFactory-scoped clock provider.
2022-06-11 14:55:13.298 -DEBUG  [kground-preinit] atorFactoryConfigurationHelper : HV000234: Using org.hibernate.validator.internal.engine.scripting.DefaultScriptEvaluatorFactory as ValidatorFactory-scoped script evaluator factory.
2022-06-11 14:55:13.807 - INFO  [  restartedMain] o.a.j.l.DirectJDKLog           : Initializing ProtocolHandler ["http-nio-19000"]
2022-06-11 14:55:13.808 - INFO  [  restartedMain] o.a.j.l.DirectJDKLog           : Starting service [Tomcat]
2022-06-11 14:55:13.808 - INFO  [  restartedMain] o.a.j.l.DirectJDKLog           : Starting Servlet engine: [Apache Tomcat/9.0.63]
2022-06-11 14:55:13.858 - INFO  [  restartedMain] o.a.j.l.DirectJDKLog           : Initializing Spring embedded WebApplicationContext
2022-06-11 14:55:13.892 -DEBUG  [  restartedMain] ourceBundleMessageInterpolator : Loaded expression factory via original TCCL
2022-06-11 14:55:13.894 -DEBUG  [  restartedMain] .i.e.AbstractConfigurationImpl : Setting custom MessageInterpolator of type org.springframework.validation.beanvalidation.LocaleContextMessageInterpolator
2022-06-11 14:55:13.894 -DEBUG  [  restartedMain] .i.e.AbstractConfigurationImpl : Setting custom ConstraintValidatorFactory of type org.springframework.validation.beanvalidation.SpringConstraintValidatorFactory
2022-06-11 14:55:13.894 -DEBUG  [  restartedMain] .i.e.AbstractConfigurationImpl : Setting custom ParameterNameProvider of type org.springframework.validation.beanvalidation.LocalValidatorFactoryBean$1
2022-06-11 14:55:13.895 -DEBUG  [  restartedMain] .h.v.i.x.c.ValidationXmlParser : Trying to load META-INF/validation.xml for XML based Validator configuration.
2022-06-11 14:55:13.895 -DEBUG  [  restartedMain] h.v.i.x.c.ResourceLoaderHelper : Trying to load META-INF/validation.xml via user class loader
2022-06-11 14:55:13.895 -DEBUG  [  restartedMain] h.v.i.x.c.ResourceLoaderHelper : Trying to load META-INF/validation.xml via TCCL
2022-06-11 14:55:13.895 -DEBUG  [  restartedMain] h.v.i.x.c.ResourceLoaderHelper : Trying to load META-INF/validation.xml via Hibernate Validator's class loader
2022-06-11 14:55:13.896 -DEBUG  [  restartedMain] .h.v.i.x.c.ValidationXmlParser : No META-INF/validation.xml found. Using annotation based configuration only.
2022-06-11 14:55:13.896 -DEBUG  [  restartedMain] h.v.i.e.r.TraversableResolvers : Cannot find javax.persistence.Persistence on classpath. Assuming non JPA 2 environment. All properties will per default be traversable.
2022-06-11 14:55:13.897 -DEBUG  [  restartedMain] atorFactoryConfigurationHelper : HV000252: Using org.hibernate.validator.internal.engine.DefaultPropertyNodeNameProvider as property node name provider.
2022-06-11 14:55:13.897 -DEBUG  [  restartedMain] atorFactoryConfigurationHelper : HV000234: Using org.springframework.validation.beanvalidation.LocaleContextMessageInterpolator as ValidatorFactory-scoped message interpolator.
2022-06-11 14:55:13.897 -DEBUG  [  restartedMain] atorFactoryConfigurationHelper : HV000234: Using org.hibernate.validator.internal.engine.resolver.TraverseAllTraversableResolver as ValidatorFactory-scoped traversable resolver.
2022-06-11 14:55:13.897 -DEBUG  [  restartedMain] atorFactoryConfigurationHelper : HV000234: Using org.hibernate.validator.internal.util.ExecutableParameterNameProvider as ValidatorFactory-scoped parameter name provider.
2022-06-11 14:55:13.897 -DEBUG  [  restartedMain] atorFactoryConfigurationHelper : HV000234: Using org.hibernate.validator.internal.engine.DefaultClockProvider as ValidatorFactory-scoped clock provider.
2022-06-11 14:55:13.897 -DEBUG  [  restartedMain] atorFactoryConfigurationHelper : HV000234: Using org.hibernate.validator.internal.engine.scripting.DefaultScriptEvaluatorFactory as ValidatorFactory-scoped script evaluator factory.
2022-06-11 14:55:14.045 -DEBUG  [  restartedMain] h.AbstractHandlerMethodMapping : 
	o.s.b.a.w.s.e.BasicErrorController:
	{ [/error]}: error(HttpServletRequest)
	{ [/error], produces [text/html]}: errorHtml(HttpServletRequest,HttpServletResponse)
2022-06-11 14:55:14.051 -DEBUG  [  restartedMain] ractDetectingUrlHandlerMapping : 'beanNameHandlerMapping' {}
2022-06-11 14:55:14.059 -DEBUG  [  restartedMain] .w.s.h.SimpleUrlHandlerMapping : 'resourceHandlerMapping' {/webjars/**=ResourceHttpRequestHandler [classpath [META-INF/resources/webjars/]], /**=ResourceHttpRequestHandler [classpath [META-INF/resources/], classpath [resources/], classpath [static/], classpath [public/], ServletContext [/]]}
2022-06-11 14:55:14.113 - INFO  [  restartedMain] o.a.j.l.DirectJDKLog           : Starting ProtocolHandler ["http-nio-19000"]
2022-06-11 14:55:14.139 - INFO  [  restartedMain] o.s.b.StartupInfoLogger        : Started LemonAdminApplication in 1.296 seconds (JVM running for 1.984)
2022-06-11 14:55:20.404 - INFO  [io-19000-exec-1] o.a.j.l.DirectJDKLog           : Initializing Spring DispatcherServlet 'dispatcherServlet'
2022-06-11 15:06:16.753 -DEBUG  [kground-preinit] o.j.l.LoggerProviders          : Logging Provider: org.jboss.logging.Log4j2LoggerProvider
2022-06-11 15:06:16.756 - INFO  [kground-preinit] o.h.v.i.u.Version              : HV000001: Hibernate Validator 6.2.3.Final
2022-06-11 15:06:16.760 -DEBUG  [kground-preinit] .h.v.i.x.c.ValidationXmlParser : Trying to load META-INF/validation.xml for XML based Validator configuration.
2022-06-11 15:06:16.761 -DEBUG  [kground-preinit] h.v.i.x.c.ResourceLoaderHelper : Trying to load META-INF/validation.xml via TCCL
2022-06-11 15:06:16.761 -DEBUG  [kground-preinit] h.v.i.x.c.ResourceLoaderHelper : Trying to load META-INF/validation.xml via Hibernate Validator's class loader
2022-06-11 15:06:16.761 -DEBUG  [kground-preinit] .h.v.i.x.c.ValidationXmlParser : No META-INF/validation.xml found. Using annotation based configuration only.
2022-06-11 15:06:16.764 -DEBUG  [kground-preinit] h.v.i.e.r.TraversableResolvers : Cannot find javax.persistence.Persistence on classpath. Assuming non JPA 2 environment. All properties will per default be traversable.
2022-06-11 15:06:16.770 - INFO  [  restartedMain] o.s.b.StartupInfoLogger        : Starting LemonAdminApplication using Java 1.8.0_40 on LAPTOP-KBRJVRM9 with PID 26180 (D:\download\blue-lemon\lemon-admin\target\classes started by lbk24 in D:\download\blue-lemon)
2022-06-11 15:06:16.772 -DEBUG  [  restartedMain] o.s.b.StartupInfoLogger        : Running with Spring Boot v2.7.0, Spring v5.3.20
2022-06-11 15:06:16.773 - INFO  [  restartedMain] o.s.b.SpringApplication        : No active profile set, falling back to 1 default profile: "default"
2022-06-11 15:06:16.794 -DEBUG  [kground-preinit] ourceBundleMessageInterpolator : Loaded expression factory via original TCCL
2022-06-11 15:06:16.862 -DEBUG  [kground-preinit] atorFactoryConfigurationHelper : HV000252: Using org.hibernate.validator.internal.engine.DefaultPropertyNodeNameProvider as property node name provider.
2022-06-11 15:06:16.865 -DEBUG  [kground-preinit] atorFactoryConfigurationHelper : HV000234: Using org.hibernate.validator.messageinterpolation.ResourceBundleMessageInterpolator as ValidatorFactory-scoped message interpolator.
2022-06-11 15:06:16.865 -DEBUG  [kground-preinit] atorFactoryConfigurationHelper : HV000234: Using org.hibernate.validator.internal.engine.resolver.TraverseAllTraversableResolver as ValidatorFactory-scoped traversable resolver.
2022-06-11 15:06:16.865 -DEBUG  [kground-preinit] atorFactoryConfigurationHelper : HV000234: Using org.hibernate.validator.internal.util.ExecutableParameterNameProvider as ValidatorFactory-scoped parameter name provider.
2022-06-11 15:06:16.865 -DEBUG  [kground-preinit] atorFactoryConfigurationHelper : HV000234: Using org.hibernate.validator.internal.engine.DefaultClockProvider as ValidatorFactory-scoped clock provider.
2022-06-11 15:06:16.865 -DEBUG  [kground-preinit] atorFactoryConfigurationHelper : HV000234: Using org.hibernate.validator.internal.engine.scripting.DefaultScriptEvaluatorFactory as ValidatorFactory-scoped script evaluator factory.
2022-06-11 15:06:17.357 - INFO  [  restartedMain] o.a.j.l.DirectJDKLog           : Initializing ProtocolHandler ["http-nio-19000"]
2022-06-11 15:06:17.357 - INFO  [  restartedMain] o.a.j.l.DirectJDKLog           : Starting service [Tomcat]
2022-06-11 15:06:17.357 - INFO  [  restartedMain] o.a.j.l.DirectJDKLog           : Starting Servlet engine: [Apache Tomcat/9.0.63]
2022-06-11 15:06:17.413 - INFO  [  restartedMain] o.a.j.l.DirectJDKLog           : Initializing Spring embedded WebApplicationContext
2022-06-11 15:06:17.449 -DEBUG  [  restartedMain] ourceBundleMessageInterpolator : Loaded expression factory via original TCCL
2022-06-11 15:06:17.451 -DEBUG  [  restartedMain] .i.e.AbstractConfigurationImpl : Setting custom MessageInterpolator of type org.springframework.validation.beanvalidation.LocaleContextMessageInterpolator
2022-06-11 15:06:17.451 -DEBUG  [  restartedMain] .i.e.AbstractConfigurationImpl : Setting custom ConstraintValidatorFactory of type org.springframework.validation.beanvalidation.SpringConstraintValidatorFactory
2022-06-11 15:06:17.451 -DEBUG  [  restartedMain] .i.e.AbstractConfigurationImpl : Setting custom ParameterNameProvider of type org.springframework.validation.beanvalidation.LocalValidatorFactoryBean$1
2022-06-11 15:06:17.452 -DEBUG  [  restartedMain] .h.v.i.x.c.ValidationXmlParser : Trying to load META-INF/validation.xml for XML based Validator configuration.
2022-06-11 15:06:17.452 -DEBUG  [  restartedMain] h.v.i.x.c.ResourceLoaderHelper : Trying to load META-INF/validation.xml via user class loader
2022-06-11 15:06:17.452 -DEBUG  [  restartedMain] h.v.i.x.c.ResourceLoaderHelper : Trying to load META-INF/validation.xml via TCCL
2022-06-11 15:06:17.452 -DEBUG  [  restartedMain] h.v.i.x.c.ResourceLoaderHelper : Trying to load META-INF/validation.xml via Hibernate Validator's class loader
2022-06-11 15:06:17.452 -DEBUG  [  restartedMain] .h.v.i.x.c.ValidationXmlParser : No META-INF/validation.xml found. Using annotation based configuration only.
2022-06-11 15:06:17.453 -DEBUG  [  restartedMain] h.v.i.e.r.TraversableResolvers : Cannot find javax.persistence.Persistence on classpath. Assuming non JPA 2 environment. All properties will per default be traversable.
2022-06-11 15:06:17.454 -DEBUG  [  restartedMain] atorFactoryConfigurationHelper : HV000252: Using org.hibernate.validator.internal.engine.DefaultPropertyNodeNameProvider as property node name provider.
2022-06-11 15:06:17.455 -DEBUG  [  restartedMain] atorFactoryConfigurationHelper : HV000234: Using org.springframework.validation.beanvalidation.LocaleContextMessageInterpolator as ValidatorFactory-scoped message interpolator.
2022-06-11 15:06:17.455 -DEBUG  [  restartedMain] atorFactoryConfigurationHelper : HV000234: Using org.hibernate.validator.internal.engine.resolver.TraverseAllTraversableResolver as ValidatorFactory-scoped traversable resolver.
2022-06-11 15:06:17.455 -DEBUG  [  restartedMain] atorFactoryConfigurationHelper : HV000234: Using org.hibernate.validator.internal.util.ExecutableParameterNameProvider as ValidatorFactory-scoped parameter name provider.
2022-06-11 15:06:17.455 -DEBUG  [  restartedMain] atorFactoryConfigurationHelper : HV000234: Using org.hibernate.validator.internal.engine.DefaultClockProvider as ValidatorFactory-scoped clock provider.
2022-06-11 15:06:17.455 -DEBUG  [  restartedMain] atorFactoryConfigurationHelper : HV000234: Using org.hibernate.validator.internal.engine.scripting.DefaultScriptEvaluatorFactory as ValidatorFactory-scoped script evaluator factory.
2022-06-11 15:06:17.645 -DEBUG  [  restartedMain] h.AbstractHandlerMethodMapping : 
	o.s.b.a.w.s.e.BasicErrorController:
	{ [/error]}: error(HttpServletRequest)
	{ [/error], produces [text/html]}: errorHtml(HttpServletRequest,HttpServletResponse)
2022-06-11 15:06:17.652 -DEBUG  [  restartedMain] ractDetectingUrlHandlerMapping : 'beanNameHandlerMapping' {}
2022-06-11 15:06:17.660 -DEBUG  [  restartedMain] .w.s.h.SimpleUrlHandlerMapping : 'resourceHandlerMapping' {/webjars/**=ResourceHttpRequestHandler [classpath [META-INF/resources/webjars/]], /**=ResourceHttpRequestHandler [classpath [META-INF/resources/], classpath [resources/], classpath [static/], classpath [public/], ServletContext [/]]}
2022-06-11 15:06:17.707 - INFO  [  restartedMain] o.a.j.l.DirectJDKLog           : Starting ProtocolHandler ["http-nio-19000"]
2022-06-11 15:06:17.731 - INFO  [  restartedMain] o.s.b.StartupInfoLogger        : Started LemonAdminApplication in 1.278 seconds (JVM running for 1.996)
2022-06-11 15:06:21.198 - INFO  [io-19000-exec-1] o.a.j.l.DirectJDKLog           : Initializing Spring DispatcherServlet 'dispatcherServlet'
2022-06-11 15:08:37.351 -DEBUG  [kground-preinit] o.j.l.LoggerProviders          : Logging Provider: org.jboss.logging.Log4j2LoggerProvider
2022-06-11 15:08:37.354 - INFO  [kground-preinit] o.h.v.i.u.Version              : HV000001: Hibernate Validator 6.2.3.Final
2022-06-11 15:08:37.358 -DEBUG  [kground-preinit] .h.v.i.x.c.ValidationXmlParser : Trying to load META-INF/validation.xml for XML based Validator configuration.
2022-06-11 15:08:37.359 -DEBUG  [kground-preinit] h.v.i.x.c.ResourceLoaderHelper : Trying to load META-INF/validation.xml via TCCL
2022-06-11 15:08:37.359 -DEBUG  [kground-preinit] h.v.i.x.c.ResourceLoaderHelper : Trying to load META-INF/validation.xml via Hibernate Validator's class loader
2022-06-11 15:08:37.360 -DEBUG  [kground-preinit] .h.v.i.x.c.ValidationXmlParser : No META-INF/validation.xml found. Using annotation based configuration only.
2022-06-11 15:08:37.362 -DEBUG  [kground-preinit] h.v.i.e.r.TraversableResolvers : Cannot find javax.persistence.Persistence on classpath. Assuming non JPA 2 environment. All properties will per default be traversable.
2022-06-11 15:08:37.367 - INFO  [  restartedMain] o.s.b.StartupInfoLogger        : Starting LemonAdminApplication using Java 1.8.0_40 on LAPTOP-KBRJVRM9 with PID 28664 (D:\download\blue-lemon\lemon-admin\target\classes started by lbk24 in D:\download\blue-lemon)
2022-06-11 15:08:37.369 -DEBUG  [  restartedMain] o.s.b.StartupInfoLogger        : Running with Spring Boot v2.7.0, Spring v5.3.20
2022-06-11 15:08:37.370 - INFO  [  restartedMain] o.s.b.SpringApplication        : No active profile set, falling back to 1 default profile: "default"
2022-06-11 15:08:37.400 -DEBUG  [kground-preinit] ourceBundleMessageInterpolator : Loaded expression factory via original TCCL
2022-06-11 15:08:37.477 -DEBUG  [kground-preinit] atorFactoryConfigurationHelper : HV000252: Using org.hibernate.validator.internal.engine.DefaultPropertyNodeNameProvider as property node name provider.
2022-06-11 15:08:37.480 -DEBUG  [kground-preinit] atorFactoryConfigurationHelper : HV000234: Using org.hibernate.validator.messageinterpolation.ResourceBundleMessageInterpolator as ValidatorFactory-scoped message interpolator.
2022-06-11 15:08:37.480 -DEBUG  [kground-preinit] atorFactoryConfigurationHelper : HV000234: Using org.hibernate.validator.internal.engine.resolver.TraverseAllTraversableResolver as ValidatorFactory-scoped traversable resolver.
2022-06-11 15:08:37.480 -DEBUG  [kground-preinit] atorFactoryConfigurationHelper : HV000234: Using org.hibernate.validator.internal.util.ExecutableParameterNameProvider as ValidatorFactory-scoped parameter name provider.
2022-06-11 15:08:37.481 -DEBUG  [kground-preinit] atorFactoryConfigurationHelper : HV000234: Using org.hibernate.validator.internal.engine.DefaultClockProvider as ValidatorFactory-scoped clock provider.
2022-06-11 15:08:37.481 -DEBUG  [kground-preinit] atorFactoryConfigurationHelper : HV000234: Using org.hibernate.validator.internal.engine.scripting.DefaultScriptEvaluatorFactory as ValidatorFactory-scoped script evaluator factory.
2022-06-11 15:08:38.054 - INFO  [  restartedMain] o.a.j.l.DirectJDKLog           : Initializing ProtocolHandler ["http-nio-19000"]
2022-06-11 15:08:38.054 - INFO  [  restartedMain] o.a.j.l.DirectJDKLog           : Starting service [Tomcat]
2022-06-11 15:08:38.054 - INFO  [  restartedMain] o.a.j.l.DirectJDKLog           : Starting Servlet engine: [Apache Tomcat/9.0.63]
2022-06-11 15:08:38.114 - INFO  [  restartedMain] o.a.j.l.DirectJDKLog           : Initializing Spring embedded WebApplicationContext
2022-06-11 15:08:38.192 -DEBUG  [  restartedMain] ourceBundleMessageInterpolator : Loaded expression factory via original TCCL
2022-06-11 15:08:38.193 -DEBUG  [  restartedMain] .i.e.AbstractConfigurationImpl : Setting custom MessageInterpolator of type org.springframework.validation.beanvalidation.LocaleContextMessageInterpolator
2022-06-11 15:08:38.194 -DEBUG  [  restartedMain] .i.e.AbstractConfigurationImpl : Setting custom ConstraintValidatorFactory of type org.springframework.validation.beanvalidation.SpringConstraintValidatorFactory
2022-06-11 15:08:38.194 -DEBUG  [  restartedMain] .i.e.AbstractConfigurationImpl : Setting custom ParameterNameProvider of type org.springframework.validation.beanvalidation.LocalValidatorFactoryBean$1
2022-06-11 15:08:38.194 -DEBUG  [  restartedMain] .h.v.i.x.c.ValidationXmlParser : Trying to load META-INF/validation.xml for XML based Validator configuration.
2022-06-11 15:08:38.194 -DEBUG  [  restartedMain] h.v.i.x.c.ResourceLoaderHelper : Trying to load META-INF/validation.xml via user class loader
2022-06-11 15:08:38.195 -DEBUG  [  restartedMain] h.v.i.x.c.ResourceLoaderHelper : Trying to load META-INF/validation.xml via TCCL
2022-06-11 15:08:38.195 -DEBUG  [  restartedMain] h.v.i.x.c.ResourceLoaderHelper : Trying to load META-INF/validation.xml via Hibernate Validator's class loader
2022-06-11 15:08:38.195 -DEBUG  [  restartedMain] .h.v.i.x.c.ValidationXmlParser : No META-INF/validation.xml found. Using annotation based configuration only.
2022-06-11 15:08:38.195 -DEBUG  [  restartedMain] h.v.i.e.r.TraversableResolvers : Cannot find javax.persistence.Persistence on classpath. Assuming non JPA 2 environment. All properties will per default be traversable.
2022-06-11 15:08:38.196 -DEBUG  [  restartedMain] atorFactoryConfigurationHelper : HV000252: Using org.hibernate.validator.internal.engine.DefaultPropertyNodeNameProvider as property node name provider.
2022-06-11 15:08:38.197 -DEBUG  [  restartedMain] atorFactoryConfigurationHelper : HV000234: Using org.springframework.validation.beanvalidation.LocaleContextMessageInterpolator as ValidatorFactory-scoped message interpolator.
2022-06-11 15:08:38.197 -DEBUG  [  restartedMain] atorFactoryConfigurationHelper : HV000234: Using org.hibernate.validator.internal.engine.resolver.TraverseAllTraversableResolver as ValidatorFactory-scoped traversable resolver.
2022-06-11 15:08:38.197 -DEBUG  [  restartedMain] atorFactoryConfigurationHelper : HV000234: Using org.hibernate.validator.internal.util.ExecutableParameterNameProvider as ValidatorFactory-scoped parameter name provider.
2022-06-11 15:08:38.197 -DEBUG  [  restartedMain] atorFactoryConfigurationHelper : HV000234: Using org.hibernate.validator.internal.engine.DefaultClockProvider as ValidatorFactory-scoped clock provider.
2022-06-11 15:08:38.197 -DEBUG  [  restartedMain] atorFactoryConfigurationHelper : HV000234: Using org.hibernate.validator.internal.engine.scripting.DefaultScriptEvaluatorFactory as ValidatorFactory-scoped script evaluator factory.
2022-06-11 15:08:38.340 -DEBUG  [  restartedMain] h.AbstractHandlerMethodMapping : 
	o.l.l.c.PersonController:
	{GET [/test/get_result]}: getResult()
	{GET [/test/get_string]}: getString()
	{GET [/test/null]}: getNull()
	{POST [/test/person]}: getHelloWorld(Person)
2022-06-11 15:08:38.343 -DEBUG  [  restartedMain] h.AbstractHandlerMethodMapping : 
	o.l.l.c.UserController:
	{POST [/users_decrypt]}: postRegister(User)
	{POST [/users_encrypt]}: getRegister(User)
2022-06-11 15:08:38.344 -DEBUG  [  restartedMain] h.AbstractHandlerMethodMapping : 
	o.s.b.a.w.s.e.BasicErrorController:
	{ [/error]}: error(HttpServletRequest)
	{ [/error], produces [text/html]}: errorHtml(HttpServletRequest,HttpServletResponse)
2022-06-11 15:08:38.348 -DEBUG  [  restartedMain] ractDetectingUrlHandlerMapping : 'beanNameHandlerMapping' {}
2022-06-11 15:08:38.358 -DEBUG  [  restartedMain] .w.s.h.SimpleUrlHandlerMapping : 'resourceHandlerMapping' {/webjars/**=ResourceHttpRequestHandler [classpath [META-INF/resources/webjars/]], /**=ResourceHttpRequestHandler [classpath [META-INF/resources/], classpath [resources/], classpath [static/], classpath [public/], ServletContext [/]]}
2022-06-11 15:08:38.407 - INFO  [  restartedMain] o.a.j.l.DirectJDKLog           : Starting ProtocolHandler ["http-nio-19000"]
2022-06-11 15:08:38.432 - INFO  [  restartedMain] o.s.b.StartupInfoLogger        : Started LemonAdminApplication in 1.405 seconds (JVM running for 2.063)
2022-06-11 15:08:45.187 - INFO  [io-19000-exec-1] o.a.j.l.DirectJDKLog           : Initializing Spring DispatcherServlet 'dispatcherServlet'
